<?xml version="1.0" encoding="UTF-8"?>
<testsuite xmlns:xsi="http://www.w3.org/2001/XMLSchema-instance" xsi:noNamespaceSchemaLocation="https://maven.apache.org/surefire/maven-surefire-plugin/xsd/surefire-test-report.xsd" name="testing.EnsembleArcValuesTest" time="0.008" tests="9" errors="0" skipped="0" failures="0">
  <properties>
[...]
</properties>
  <testcase name="testsupprElement" classname="testing.EnsembleArcValuesTest" time="0"/>
  <testcase name="testUnion" classname="testing.EnsembleArcValuesTest" time="0.001"/>
  <testcase name="testGetEnsemble" classname="testing.EnsembleArcValuesTest" time="0.001"/>
  <testcase name="testGetCout" classname="testing.EnsembleArcValuesTest" time="0.001"/>
  <testcase name="encapsulation" classname="testing.EnsembleArcValuesTest" time="0"/>
  <testcase name="testajouteElement" classname="testing.EnsembleArcValuesTest" time="0"/>
  <testcase name="testIntersection" classname="testing.EnsembleArcValuesTest" time="0"/>
  <testcase name="testSetValeur" classname="testing.EnsembleArcValuesTest" time="0.001"/>
  <testcase name="testEnsembleArcValues" classname="testing.EnsembleArcValuesTest" time="0.001"/>
</testsuite>